ERR: Index was outside the bounds of the array.
   at System.String.get_Chars(Int32 index)
   at Greatbone.Core.StrUtility.ParseNum(String str, Int32 start, Int32 count, Int32 base) in d:\Greatbone\Core\StrUtility.cs:line 118
   at Greatbone.Core.StrUtility.TryParseLocalDate(String str, DateTime& v) in d:\Greatbone\Core\StrUtility.cs:line 70
   at Greatbone.Core.JMember.op_Implicit(JMember v) in d:\Greatbone\Core\JMember.cs:line 156
   at Greatbone.Core.JObj.Got(String name, DateTime& v) in d:\Greatbone\Core\JObj.cs:line 139
   at Greatbone.Sample.Comment.Load(ISource s, Byte x) in d:\Greatbone\Sample\Comment.cs:line 16
   at Greatbone.Core.DbContext.Got[P](String name, P[]& v, Byte x) in d:\Greatbone\Core\DbContext.cs:line 455
   at Greatbone.Sample.Post.Load(ISource s, Byte x) in d:\Greatbone\Sample\Post.cs:line 31
   at Greatbone.Core.DbContext.ToArr[P](Byte x) in d:\Greatbone\Core\DbContext.cs:line 202
   at Greatbone.Sample.PostModule.top(WebContext wc, String subscpt) in d:\Greatbone\Sample\PostModule.cs:line 40
   at Greatbone.Sample.PostModule.default(WebContext wc, String subscpt) in d:\Greatbone\Sample\PostModule.cs:line 21
   at Greatbone.Core.WebAction.TryDo(WebContext wc, String subscpt) in d:\Greatbone\Core\WebAction.cs:line 78
   at Greatbone.Core.WebControl.Do(String rsc, WebContext wc) in d:\Greatbone\Core\WebControl.cs:line 119
   at Greatbone.Core.WebModule.Handle(String relative, WebContext wc) in d:\Greatbone\Core\WebModule.cs:line 80
   at Greatbone.Core.WebService.Handle(String relative, WebContext wc) in d:\Greatbone\Core\WebService.cs:line 279
   at Greatbone.Core.WebService.<ProcessRequestAsync>d__21.MoveNext() in d:\Greatbone\Core\WebService.cs:line 189
ERR: Index was outside the bounds of the array.
   at System.String.get_Chars(Int32 index)
   at Greatbone.Core.StrUtility.ParseNum(String str, Int32 start, Int32 count, Int32 base) in d:\Greatbone\Core\StrUtility.cs:line 118
   at Greatbone.Core.StrUtility.TryParseLocalDate(String str, DateTime& v) in d:\Greatbone\Core\StrUtility.cs:line 70
   at Greatbone.Core.JMember.op_Implicit(JMember v) in d:\Greatbone\Core\JMember.cs:line 156
   at Greatbone.Core.JObj.Got(String name, DateTime& v) in d:\Greatbone\Core\JObj.cs:line 139
   at Greatbone.Sample.Comment.Load(ISource s, Byte x) in d:\Greatbone\Sample\Comment.cs:line 16
   at Greatbone.Core.DbContext.Got[P](String name, P[]& v, Byte x) in d:\Greatbone\Core\DbContext.cs:line 455
   at Greatbone.Sample.Post.Load(ISource s, Byte x) in d:\Greatbone\Sample\Post.cs:line 31
   at Greatbone.Core.DbContext.ToArr[P](Byte x) in d:\Greatbone\Core\DbContext.cs:line 202
   at Greatbone.Sample.PostModule.top(WebContext wc, String subscpt) in d:\Greatbone\Sample\PostModule.cs:line 40
   at Greatbone.Sample.PostModule.default(WebContext wc, String subscpt) in d:\Greatbone\Sample\PostModule.cs:line 21
   at Greatbone.Core.WebAction.TryDo(WebContext wc, String subscpt) in d:\Greatbone\Core\WebAction.cs:line 78
   at Greatbone.Core.WebControl.Do(String rsc, WebContext wc) in d:\Greatbone\Core\WebControl.cs:line 119
   at Greatbone.Core.WebModule.Handle(String relative, WebContext wc) in d:\Greatbone\Core\WebModule.cs:line 80
   at Greatbone.Core.WebService.Handle(String relative, WebContext wc) in d:\Greatbone\Core\WebService.cs:line 279
   at Greatbone.Core.WebService.<ProcessRequestAsync>d__21.MoveNext() in d:\Greatbone\Core\WebService.cs:line 189
ERR: Index was outside the bounds of the array.
   at System.String.get_Chars(Int32 index)
   at Greatbone.Core.StrUtility.ParseNum(String str, Int32 start, Int32 count, Int32 base) in d:\Greatbone\Core\StrUtility.cs:line 118
   at Greatbone.Core.StrUtility.TryParseLocalDate(String str, DateTime& v) in d:\Greatbone\Core\StrUtility.cs:line 70
   at Greatbone.Core.JMember.op_Implicit(JMember v) in d:\Greatbone\Core\JMember.cs:line 156
   at Greatbone.Core.JObj.Got(String name, DateTime& v) in d:\Greatbone\Core\JObj.cs:line 139
   at Greatbone.Sample.Comment.Load(ISource s, Byte x) in d:\Greatbone\Sample\Comment.cs:line 16
   at Greatbone.Core.DbContext.Got[P](String name, P[]& v, Byte x) in d:\Greatbone\Core\DbContext.cs:line 455
   at Greatbone.Sample.Post.Load(ISource s, Byte x) in d:\Greatbone\Sample\Post.cs:line 31
   at Greatbone.Core.DbContext.ToArr[P](Byte x) in d:\Greatbone\Core\DbContext.cs:line 202
   at Greatbone.Sample.PostModule.top(WebContext wc, String subscpt) in d:\Greatbone\Sample\PostModule.cs:line 40
   at Greatbone.Sample.PostModule.default(WebContext wc, String subscpt) in d:\Greatbone\Sample\PostModule.cs:line 21
   at Greatbone.Core.WebAction.TryDo(WebContext wc, String subscpt) in d:\Greatbone\Core\WebAction.cs:line 78
   at Greatbone.Core.WebControl.Do(String rsc, WebContext wc) in d:\Greatbone\Core\WebControl.cs:line 119
   at Greatbone.Core.WebModule.Handle(String relative, WebContext wc) in d:\Greatbone\Core\WebModule.cs:line 80
   at Greatbone.Core.WebService.Handle(String relative, WebContext wc) in d:\Greatbone\Core\WebService.cs:line 279
   at Greatbone.Core.WebService.<ProcessRequestAsync>d__21.MoveNext() in d:\Greatbone\Core\WebService.cs:line 189
ERR: Index was outside the bounds of the array.
   at System.String.get_Chars(Int32 index)
   at Greatbone.Core.StrUtility.ParseNum(String str, Int32 start, Int32 count, Int32 base) in d:\Greatbone\Core\StrUtility.cs:line 118
   at Greatbone.Core.StrUtility.TryParseLocalDate(String str, DateTime& v) in d:\Greatbone\Core\StrUtility.cs:line 70
   at Greatbone.Core.JMember.op_Implicit(JMember v) in d:\Greatbone\Core\JMember.cs:line 156
   at Greatbone.Core.JObj.Got(String name, DateTime& v) in d:\Greatbone\Core\JObj.cs:line 139
   at Greatbone.Sample.Comment.Load(ISource s, Byte x) in d:\Greatbone\Sample\Comment.cs:line 16
   at Greatbone.Core.DbContext.Got[P](String name, P[]& v, Byte x) in d:\Greatbone\Core\DbContext.cs:line 455
   at Greatbone.Sample.Post.Load(ISource s, Byte x) in d:\Greatbone\Sample\Post.cs:line 31
   at Greatbone.Core.DbContext.ToArr[P](Byte x) in d:\Greatbone\Core\DbContext.cs:line 202
   at Greatbone.Sample.PostModule.top(WebContext wc, String subscpt) in d:\Greatbone\Sample\PostModule.cs:line 40
   at Greatbone.Sample.PostModule.default(WebContext wc, String subscpt) in d:\Greatbone\Sample\PostModule.cs:line 21
   at Greatbone.Core.WebAction.TryDo(WebContext wc, String subscpt) in d:\Greatbone\Core\WebAction.cs:line 78
   at Greatbone.Core.WebControl.Do(String rsc, WebContext wc) in d:\Greatbone\Core\WebControl.cs:line 119
   at Greatbone.Core.WebModule.Handle(String relative, WebContext wc) in d:\Greatbone\Core\WebModule.cs:line 80
   at Greatbone.Core.WebService.Handle(String relative, WebContext wc) in d:\Greatbone\Core\WebService.cs:line 279
   at Greatbone.Core.WebService.<ProcessRequestAsync>d__21.MoveNext() in d:\Greatbone\Core\WebService.cs:line 189
ERR: Exception while reading from stream
   at Npgsql.ReadBuffer.Ensure(Int32 count, Boolean dontBreakOnTimeouts)
   at Npgsql.NpgsqlConnector.DoReadMessage(DataRowLoadingMode dataRowLoadingMode, Boolean isPrependedMessage)
   at Npgsql.NpgsqlConnector.ReadMessageWithPrepended(DataRowLoadingMode dataRowLoadingMode)
   at Npgsql.NpgsqlConnector.ReadExpecting[T]()
   at Npgsql.NpgsqlDataReader.NextResultInternal()
   at Npgsql.NpgsqlDataReader.NextResult()
   at Npgsql.NpgsqlCommand.Execute(CommandBehavior behavior)
   at Npgsql.NpgsqlCommand.ExecuteDbDataReaderInternal(CommandBehavior behavior)
   at Npgsql.TypeHandlerRegistry.LoadBackendTypes(NpgsqlConnector connector, NpgsqlTimeout timeout)
   at Npgsql.TypeHandlerRegistry.Setup(NpgsqlConnector connector, NpgsqlTimeout timeout)
   at Npgsql.NpgsqlConnector.Open(NpgsqlTimeout timeout)
   at Npgsql.ConnectorPool.Allocate(NpgsqlConnection conn, NpgsqlTimeout timeout)
   at Npgsql.NpgsqlConnection.OpenInternal()
   at Greatbone.Core.DbContext.Query(String cmdtext, Action`1 p) in d:\Greatbone\Core\DbContext.cs:line 102
   at Greatbone.Sample.PostModule.top(WebContext wc, String subscpt) in d:\Greatbone\Sample\PostModule.cs:line 38
   at Greatbone.Sample.PostModule.default(WebContext wc, String subscpt) in d:\Greatbone\Sample\PostModule.cs:line 21
   at Greatbone.Core.WebAction.TryDo(WebContext wc, String subscpt) in d:\Greatbone\Core\WebAction.cs:line 78
   at Greatbone.Core.WebControl.Do(String rsc, WebContext wc) in d:\Greatbone\Core\WebControl.cs:line 119
   at Greatbone.Core.WebModule.Handle(String relative, WebContext wc) in d:\Greatbone\Core\WebModule.cs:line 80
   at Greatbone.Core.WebService.Handle(String relative, WebContext wc) in d:\Greatbone\Core\WebService.cs:line 279
   at Greatbone.Core.WebService.<ProcessRequestAsync>d__21.MoveNext() in d:\Greatbone\Core\WebService.cs:line 189
ERR: The operation has timed out.
   at Npgsql.NpgsqlConnector.Connect(NpgsqlTimeout timeout)
   at Npgsql.NpgsqlConnector.RawOpen(NpgsqlTimeout timeout)
   at Npgsql.NpgsqlConnector.Open(NpgsqlTimeout timeout)
   at Npgsql.ConnectorPool.Allocate(NpgsqlConnection conn, NpgsqlTimeout timeout)
   at Npgsql.NpgsqlConnection.OpenInternal()
   at Greatbone.Core.DbContext.Query(String cmdtext, Action`1 p) in d:\Greatbone\Core\DbContext.cs:line 102
   at Greatbone.Sample.PostModule.top(WebContext wc, String subscpt) in d:\Greatbone\Sample\PostModule.cs:line 38
   at Greatbone.Sample.PostModule.default(WebContext wc, String subscpt) in d:\Greatbone\Sample\PostModule.cs:line 21
   at Greatbone.Core.WebAction.TryDo(WebContext wc, String subscpt) in d:\Greatbone\Core\WebAction.cs:line 78
   at Greatbone.Core.WebControl.Do(String rsc, WebContext wc) in d:\Greatbone\Core\WebControl.cs:line 119
   at Greatbone.Core.WebModule.Handle(String relative, WebContext wc) in d:\Greatbone\Core\WebModule.cs:line 80
   at Greatbone.Core.WebService.Handle(String relative, WebContext wc) in d:\Greatbone\Core\WebService.cs:line 279
   at Greatbone.Core.WebService.<ProcessRequestAsync>d__21.MoveNext() in d:\Greatbone\Core\WebService.cs:line 189
ERR: 42804: argument of OFFSET must be type bigint, not type character varying
   at Npgsql.NpgsqlConnector.DoReadMessage(DataRowLoadingMode dataRowLoadingMode, Boolean isPrependedMessage)
   at Npgsql.NpgsqlConnector.ReadMessageWithPrepended(DataRowLoadingMode dataRowLoadingMode)
   at Npgsql.NpgsqlCommand.Prepare()
   at Greatbone.Core.DbContext.Query(String cmdtext, Action`1 p) in d:\Greatbone\Core\DbContext.cs:line 110
   at Greatbone.Sample.NoticeModule.top(WebContext wc, String subscpt) in d:\Greatbone\Sample\NoticeModule.cs:line 33
   at Greatbone.Sample.NoticeModule.default(WebContext wc, String subscpt) in d:\Greatbone\Sample\NoticeModule.cs:line 17
   at Greatbone.Core.WebAction.TryDo(WebContext wc, String subscpt) in d:\Greatbone\Core\WebAction.cs:line 78
   at Greatbone.Core.WebControl.Do(String rsc, WebContext wc) in d:\Greatbone\Core\WebControl.cs:line 119
   at Greatbone.Core.WebModule.Handle(String relative, WebContext wc) in d:\Greatbone\Core\WebModule.cs:line 80
   at Greatbone.Core.WebService.Handle(String relative, WebContext wc) in d:\Greatbone\Core\WebService.cs:line 279
   at Greatbone.Core.WebService.<ProcessRequestAsync>d__21.MoveNext() in d:\Greatbone\Core\WebService.cs:line 189
ERR: Object reference not set to an instance of an object.
   at Greatbone.Sample.PostModule.<>c__DisplayClass4_0.<new>b__0(DbParameters p) in d:\Greatbone\Sample\PostModule.cs:line 92
   at Greatbone.Core.DbContext.Scalar(String cmdtext, Action`1 p) in d:\Greatbone\Core\DbContext.cs:line 178
   at Greatbone.Sample.PostModule.new(WebContext wc, String subscpt) in d:\Greatbone\Sample\PostModule.cs:line 91
   at Greatbone.Core.WebAction.TryDo(WebContext wc, String subscpt) in d:\Greatbone\Core\WebAction.cs:line 78
   at Greatbone.Core.WebControl.Do(String rsc, WebContext wc) in d:\Greatbone\Core\WebControl.cs:line 119
   at Greatbone.Core.WebModule.Handle(String relative, WebContext wc) in d:\Greatbone\Core\WebModule.cs:line 80
   at Greatbone.Core.WebService.Handle(String relative, WebContext wc) in d:\Greatbone\Core\WebService.cs:line 279
   at Greatbone.Core.WebService.<ProcessRequestAsync>d__21.MoveNext() in d:\Greatbone\Core\WebService.cs:line 189
ERR: Object reference not set to an instance of an object.
   at Greatbone.Sample.PostModule.<>c__DisplayClass4_0.<new>b__0(DbParameters p) in d:\Greatbone\Sample\PostModule.cs:line 92
   at Greatbone.Core.DbContext.Scalar(String cmdtext, Action`1 p) in d:\Greatbone\Core\DbContext.cs:line 178
   at Greatbone.Sample.PostModule.new(WebContext wc, String subscpt) in d:\Greatbone\Sample\PostModule.cs:line 91
   at Greatbone.Core.WebAction.TryDo(WebContext wc, String subscpt) in d:\Greatbone\Core\WebAction.cs:line 78
   at Greatbone.Core.WebControl.Do(String rsc, WebContext wc) in d:\Greatbone\Core\WebControl.cs:line 119
   at Greatbone.Core.WebModule.Handle(String relative, WebContext wc) in d:\Greatbone\Core\WebModule.cs:line 80
   at Greatbone.Core.WebService.Handle(String relative, WebContext wc) in d:\Greatbone\Core\WebService.cs:line 279
   at Greatbone.Core.WebService.<ProcessRequestAsync>d__21.MoveNext() in d:\Greatbone\Core\WebService.cs:line 189
ERR: Object reference not set to an instance of an object.
   at Greatbone.Sample.NoticeModule.new(WebContext wc, String subscpt) in d:\Greatbone\Sample\NoticeModule.cs:line 79
   at Greatbone.Core.WebAction.TryDo(WebContext wc, String subscpt) in d:\Greatbone\Core\WebAction.cs:line 78
   at Greatbone.Core.WebControl.Do(String rsc, WebContext wc) in d:\Greatbone\Core\WebControl.cs:line 119
   at Greatbone.Core.WebModule.Handle(String relative, WebContext wc) in d:\Greatbone\Core\WebModule.cs:line 80
   at Greatbone.Core.WebService.Handle(String relative, WebContext wc) in d:\Greatbone\Core\WebService.cs:line 279
   at Greatbone.Core.WebService.<ProcessRequestAsync>d__21.MoveNext() in d:\Greatbone\Core\WebService.cs:line 189
ERR: Could not find file 'd:\Greatbone\cont\favicon.ico'.
   at System.IO.Win32FileStream..ctor(String path, FileMode mode, FileAccess access, FileShare share, Int32 bufferSize, FileOptions options, FileStream parent)
   at System.IO.Win32FileSystem.Open(String fullPath, FileMode mode, FileAccess access, FileShare share, Int32 bufferSize, FileOptions options, FileStream parent)
   at System.IO.FileStream.Init(String path, FileMode mode, FileAccess access, FileShare share, Int32 bufferSize, FileOptions options)
   at System.IO.File.InternalReadAllBytes(String path)
   at System.IO.File.ReadAllBytes(String path)
   at Greatbone.Core.WebControl.DoStatic(String file, String ext, WebContext wc) in d:\Greatbone\Core\WebControl.cs:line 155
   at Greatbone.Core.WebControl.Do(String rsc, WebContext wc) in d:\Greatbone\Core\WebControl.cs:line 101
   at Greatbone.Core.WebService.Handle(String relative, WebContext wc) in d:\Greatbone\Core\WebService.cs:line 269
   at Greatbone.Core.WebService.<ProcessRequestAsync>d__21.MoveNext() in d:\Greatbone\Core\WebService.cs:line 189
ERR: Could not find file 'd:\Greatbone\cont\favicon.ico'.
   at System.IO.Win32FileStream..ctor(String path, FileMode mode, FileAccess access, FileShare share, Int32 bufferSize, FileOptions options, FileStream parent)
   at System.IO.Win32FileSystem.Open(String fullPath, FileMode mode, FileAccess access, FileShare share, Int32 bufferSize, FileOptions options, FileStream parent)
   at System.IO.FileStream.Init(String path, FileMode mode, FileAccess access, FileShare share, Int32 bufferSize, FileOptions options)
   at System.IO.File.InternalReadAllBytes(String path)
   at System.IO.File.ReadAllBytes(String path)
   at Greatbone.Core.WebControl.DoStatic(String file, String ext, WebContext wc) in d:\Greatbone\Core\WebControl.cs:line 155
   at Greatbone.Core.WebControl.Do(String rsc, WebContext wc) in d:\Greatbone\Core\WebControl.cs:line 101
   at Greatbone.Core.WebService.Handle(String relative, WebContext wc) in d:\Greatbone\Core\WebService.cs:line 269
   at Greatbone.Core.WebService.<ProcessRequestAsync>d__21.MoveNext() in d:\Greatbone\Core\WebService.cs:line 189
ERR: Could not find file 'd:\Greatbone\cont\favicon.ico'.
   at System.IO.Win32FileStream..ctor(String path, FileMode mode, FileAccess access, FileShare share, Int32 bufferSize, FileOptions options, FileStream parent)
   at System.IO.Win32FileSystem.Open(String fullPath, FileMode mode, FileAccess access, FileShare share, Int32 bufferSize, FileOptions options, FileStream parent)
   at System.IO.FileStream.Init(String path, FileMode mode, FileAccess access, FileShare share, Int32 bufferSize, FileOptions options)
   at System.IO.File.InternalReadAllBytes(String path)
   at System.IO.File.ReadAllBytes(String path)
   at Greatbone.Core.WebControl.DoStatic(String file, String ext, WebContext wc) in d:\Greatbone\Core\WebControl.cs:line 155
   at Greatbone.Core.WebControl.Do(String rsc, WebContext wc) in d:\Greatbone\Core\WebControl.cs:line 101
   at Greatbone.Core.WebService.Handle(String relative, WebContext wc) in d:\Greatbone\Core\WebService.cs:line 269
   at Greatbone.Core.WebService.<ProcessRequestAsync>d__21.MoveNext() in d:\Greatbone\Core\WebService.cs:line 189
ERR: Object reference not set to an instance of an object.
   at Greatbone.Core.HtContent.button(WebAction wa) in d:\Greatbone\Core\HtContent.cs:line 496
   at Greatbone.Core.HtContent.buttonlst(WebAction[] was) in d:\Greatbone\Core\HtContent.cs:line 514
   at Greatbone.Sample.PostModule.<mgmt>b__5_0(HtContent a) in d:\Greatbone\Sample\PostModule.cs:line 109
   at Greatbone.Sample.WebContextUtility.SendMajorLayout(WebContext wc, Int32 status, String header, Action`1 main, Nullable`1 pub, Int32 maxage) in d:\Greatbone\Sample\WebContextUtility.cs:line 55
   at Greatbone.Sample.PostModule.mgmt(WebContext wc, String subscpt) in d:\Greatbone\Sample\PostModule.cs:line 106
   at Greatbone.Core.WebAction.TryDo(WebContext wc, String subscpt) in d:\Greatbone\Core\WebAction.cs:line 81
   at Greatbone.Core.WebControl.Do(String rsc, WebContext wc) in d:\Greatbone\Core\WebControl.cs:line 120
   at Greatbone.Core.WebModule.Handle(String relative, WebContext wc) in d:\Greatbone\Core\WebModule.cs:line 81
   at Greatbone.Core.WebService.Handle(String relative, WebContext wc) in d:\Greatbone\Core\WebService.cs:line 279
   at Greatbone.Core.WebService.<ProcessRequestAsync>d__21.MoveNext() in d:\Greatbone\Core\WebService.cs:line 189
ERR: Object reference not set to an instance of an object.
   at Greatbone.Core.HtContent.button(WebAction wa) in d:\Greatbone\Core\HtContent.cs:line 496
   at Greatbone.Core.HtContent.buttonlst(WebAction[] was) in d:\Greatbone\Core\HtContent.cs:line 514
   at Greatbone.Sample.PostModule.<mgmt>b__5_0(HtContent a) in d:\Greatbone\Sample\PostModule.cs:line 109
   at Greatbone.Sample.WebContextUtility.SendMajorLayout(WebContext wc, Int32 status, String header, Action`1 main, Nullable`1 pub, Int32 maxage) in d:\Greatbone\Sample\WebContextUtility.cs:line 55
   at Greatbone.Sample.PostModule.mgmt(WebContext wc, String subscpt) in d:\Greatbone\Sample\PostModule.cs:line 106
   at Greatbone.Core.WebAction.TryDo(WebContext wc, String subscpt) in d:\Greatbone\Core\WebAction.cs:line 81
   at Greatbone.Core.WebControl.Do(String rsc, WebContext wc) in d:\Greatbone\Core\WebControl.cs:line 120
   at Greatbone.Core.WebModule.Handle(String relative, WebContext wc) in d:\Greatbone\Core\WebModule.cs:line 81
   at Greatbone.Core.WebService.Handle(String relative, WebContext wc) in d:\Greatbone\Core\WebService.cs:line 279
   at Greatbone.Core.WebService.<ProcessRequestAsync>d__21.MoveNext() in d:\Greatbone\Core\WebService.cs:line 189
ERR: Could not find file 'd:\Greatbone\cont\favicon.ico'.
   at System.IO.Win32FileStream..ctor(String path, FileMode mode, FileAccess access, FileShare share, Int32 bufferSize, FileOptions options, FileStream parent)
   at System.IO.Win32FileSystem.Open(String fullPath, FileMode mode, FileAccess access, FileShare share, Int32 bufferSize, FileOptions options, FileStream parent)
   at System.IO.FileStream.Init(String path, FileMode mode, FileAccess access, FileShare share, Int32 bufferSize, FileOptions options)
   at System.IO.File.InternalReadAllBytes(String path)
   at System.IO.File.ReadAllBytes(String path)
   at Greatbone.Core.WebControl.DoStatic(String file, String ext, WebContext wc) in d:\Greatbone\Core\WebControl.cs:line 155
   at Greatbone.Core.WebControl.Do(String rsc, WebContext wc) in d:\Greatbone\Core\WebControl.cs:line 101
   at Greatbone.Core.WebService.Handle(String relative, WebContext wc) in d:\Greatbone\Core\WebService.cs:line 269
   at Greatbone.Core.WebService.<ProcessRequestAsync>d__21.MoveNext() in d:\Greatbone\Core\WebService.cs:line 189
ERR: The method or operation is not implemented.
   at Greatbone.Core.HtContent.Put(String name, DateTime v) in d:\Greatbone\Core\HtContent.cs:line 687
   at Greatbone.Sample.Post.Dump[R](ISink`1 s, Byte x) in d:\Greatbone\Sample\Post.cs:line 55
   at Greatbone.Core.HtContent.<>c__DisplayClass31_0`1.<table>b__0(HtContent ths) in d:\Greatbone\Core\HtContent.cs:line 223
   at Greatbone.Core.HtContent.table(Action`1 ths, Action`1 trs) in d:\Greatbone\Core\HtContent.cs:line 171
   at Greatbone.Core.HtContent.table[M](M[] arr, Byte x) in d:\Greatbone\Core\HtContent.cs:line 220
   at Greatbone.Core.HtContent.form[M](WebAction[] was, M[] arr, Byte x) in d:\Greatbone\Core\HtContent.cs:line 255
   at Greatbone.Sample.PostModule.<>c__DisplayClass6_0.<srch>b__0(HtContent a) in d:\Greatbone\Sample\PostModule.cs:line 125
   at Greatbone.Sample.WebContextUtility.SendMajorLayout(WebContext wc, Int32 status, String header, Action`1 main, Nullable`1 pub, Int32 maxage) in d:\Greatbone\Sample\WebContextUtility.cs:line 49
   at Greatbone.Sample.PostModule.srch(WebContext wc, String subscpt) in d:\Greatbone\Sample\PostModule.cs:line 123
   at Greatbone.Core.WebAction.TryDo(WebContext wc, String subscpt) in d:\Greatbone\Core\WebAction.cs:line 84
   at Greatbone.Core.WebControl.Do(String rsc, WebContext wc) in d:\Greatbone\Core\WebControl.cs:line 120
   at Greatbone.Core.WebModule.Handle(String relative, WebContext wc) in d:\Greatbone\Core\WebModule.cs:line 81
   at Greatbone.Core.WebService.Handle(String relative, WebContext wc) in d:\Greatbone\Core\WebService.cs:line 279
   at Greatbone.Core.WebService.<ProcessRequestAsync>d__21.MoveNext() in d:\Greatbone\Core\WebService.cs:line 189
ERR: The method or operation is not implemented.
   at Greatbone.Core.HtContent.Put(String name, DateTime v) in d:\Greatbone\Core\HtContent.cs:line 687
   at Greatbone.Sample.Post.Dump[R](ISink`1 s, Byte x) in d:\Greatbone\Sample\Post.cs:line 55
   at Greatbone.Core.HtContent.<>c__DisplayClass31_0`1.<table>b__0(HtContent ths) in d:\Greatbone\Core\HtContent.cs:line 223
   at Greatbone.Core.HtContent.table(Action`1 ths, Action`1 trs) in d:\Greatbone\Core\HtContent.cs:line 171
   at Greatbone.Core.HtContent.table[M](M[] arr, Byte x) in d:\Greatbone\Core\HtContent.cs:line 220
   at Greatbone.Core.HtContent.form[M](WebAction[] was, M[] arr, Byte x) in d:\Greatbone\Core\HtContent.cs:line 255
   at Greatbone.Sample.PostModule.<>c__DisplayClass6_0.<srch>b__0(HtContent a) in d:\Greatbone\Sample\PostModule.cs:line 125
   at Greatbone.Sample.WebContextUtility.SendMajorLayout(WebContext wc, Int32 status, String header, Action`1 main, Nullable`1 pub, Int32 maxage) in d:\Greatbone\Sample\WebContextUtility.cs:line 49
   at Greatbone.Sample.PostModule.srch(WebContext wc, String subscpt) in d:\Greatbone\Sample\PostModule.cs:line 123
   at Greatbone.Core.WebAction.TryDo(WebContext wc, String subscpt) in d:\Greatbone\Core\WebAction.cs:line 84
   at Greatbone.Core.WebControl.Do(String rsc, WebContext wc) in d:\Greatbone\Core\WebControl.cs:line 120
   at Greatbone.Core.WebModule.Handle(String relative, WebContext wc) in d:\Greatbone\Core\WebModule.cs:line 81
   at Greatbone.Core.WebService.Handle(String relative, WebContext wc) in d:\Greatbone\Core\WebService.cs:line 279
   at Greatbone.Core.WebService.<ProcessRequestAsync>d__21.MoveNext() in d:\Greatbone\Core\WebService.cs:line 189
ERR: The method or operation is not implemented.
   at Greatbone.Core.HtContent.Put[V](String name, V[] v, Byte x) in d:\Greatbone\Core\HtContent.cs:line 825
   at Greatbone.Sample.Post.Dump[R](ISink`1 s, Byte x) in d:\Greatbone\Sample\Post.cs:line 59
   at Greatbone.Core.HtContent.<>c__DisplayClass31_0`1.<table>b__0(HtContent ths) in d:\Greatbone\Core\HtContent.cs:line 223
   at Greatbone.Core.HtContent.table(Action`1 ths, Action`1 trs) in d:\Greatbone\Core\HtContent.cs:line 171
   at Greatbone.Core.HtContent.table[M](M[] arr, Byte x) in d:\Greatbone\Core\HtContent.cs:line 220
   at Greatbone.Core.HtContent.form[M](WebAction[] was, M[] arr, Byte x) in d:\Greatbone\Core\HtContent.cs:line 255
   at Greatbone.Sample.PostModule.<>c__DisplayClass6_0.<srch>b__0(HtContent a) in d:\Greatbone\Sample\PostModule.cs:line 125
   at Greatbone.Sample.WebContextUtility.SendMajorLayout(WebContext wc, Int32 status, String header, Action`1 main, Nullable`1 pub, Int32 maxage) in d:\Greatbone\Sample\WebContextUtility.cs:line 49
   at Greatbone.Sample.PostModule.srch(WebContext wc, String subscpt) in d:\Greatbone\Sample\PostModule.cs:line 123
   at Greatbone.Core.WebAction.TryDo(WebContext wc, String subscpt) in d:\Greatbone\Core\WebAction.cs:line 84
   at Greatbone.Core.WebControl.Do(String rsc, WebContext wc) in d:\Greatbone\Core\WebControl.cs:line 120
   at Greatbone.Core.WebModule.Handle(String relative, WebContext wc) in d:\Greatbone\Core\WebModule.cs:line 81
   at Greatbone.Core.WebService.Handle(String relative, WebContext wc) in d:\Greatbone\Core\WebService.cs:line 279
   at Greatbone.Core.WebService.<ProcessRequestAsync>d__21.MoveNext() in d:\Greatbone\Core\WebService.cs:line 189
ERR: Could not find file 'd:\Greatbone\cont\favicon.ico'.
   at System.IO.Win32FileStream..ctor(String path, FileMode mode, FileAccess access, FileShare share, Int32 bufferSize, FileOptions options, FileStream parent)
   at System.IO.Win32FileSystem.Open(String fullPath, FileMode mode, FileAccess access, FileShare share, Int32 bufferSize, FileOptions options, FileStream parent)
   at System.IO.FileStream.Init(String path, FileMode mode, FileAccess access, FileShare share, Int32 bufferSize, FileOptions options)
   at System.IO.File.InternalReadAllBytes(String path)
   at System.IO.File.ReadAllBytes(String path)
   at Greatbone.Core.WebControl.DoStatic(String file, String ext, WebContext wc) in d:\Greatbone\Core\WebControl.cs:line 155
   at Greatbone.Core.WebControl.Do(String rsc, WebContext wc) in d:\Greatbone\Core\WebControl.cs:line 101
   at Greatbone.Core.WebService.Handle(String relative, WebContext wc) in d:\Greatbone\Core\WebService.cs:line 269
   at Greatbone.Core.WebService.<ProcessRequestAsync>d__21.MoveNext() in d:\Greatbone\Core\WebService.cs:line 189
ERR: Could not find file 'd:\Greatbone\cont\app.css'.
   at System.IO.Win32FileStream..ctor(String path, FileMode mode, FileAccess access, FileShare share, Int32 bufferSize, FileOptions options, FileStream parent)
   at System.IO.Win32FileSystem.Open(String fullPath, FileMode mode, FileAccess access, FileShare share, Int32 bufferSize, FileOptions options, FileStream parent)
   at System.IO.FileStream.Init(String path, FileMode mode, FileAccess access, FileShare share, Int32 bufferSize, FileOptions options)
   at System.IO.File.InternalReadAllBytes(String path)
   at System.IO.File.ReadAllBytes(String path)
   at Greatbone.Core.WebControl.DoStatic(String file, String ext, WebContext wc) in d:\Greatbone\Core\WebControl.cs:line 155
   at Greatbone.Core.WebControl.Do(String rsc, WebContext wc) in d:\Greatbone\Core\WebControl.cs:line 101
   at Greatbone.Core.WebService.Handle(String relative, WebContext wc) in d:\Greatbone\Core\WebService.cs:line 269
   at Greatbone.Core.WebService.<ProcessRequestAsync>d__21.MoveNext() in d:\Greatbone\Core\WebService.cs:line 189
ERR: Could not find file 'd:\Greatbone\cont\app.css'.
   at System.IO.Win32FileStream..ctor(String path, FileMode mode, FileAccess access, FileShare share, Int32 bufferSize, FileOptions options, FileStream parent)
   at System.IO.Win32FileSystem.Open(String fullPath, FileMode mode, FileAccess access, FileShare share, Int32 bufferSize, FileOptions options, FileStream parent)
   at System.IO.FileStream.Init(String path, FileMode mode, FileAccess access, FileShare share, Int32 bufferSize, FileOptions options)
   at System.IO.File.InternalReadAllBytes(String path)
   at System.IO.File.ReadAllBytes(String path)
   at Greatbone.Core.WebControl.DoStatic(String file, String ext, WebContext wc) in d:\Greatbone\Core\WebControl.cs:line 155
   at Greatbone.Core.WebControl.Do(String rsc, WebContext wc) in d:\Greatbone\Core\WebControl.cs:line 101
   at Greatbone.Core.WebService.Handle(String relative, WebContext wc) in d:\Greatbone\Core\WebService.cs:line 269
   at Greatbone.Core.WebService.<ProcessRequestAsync>d__21.MoveNext() in d:\Greatbone\Core\WebService.cs:line 189
ERR: Could not find file 'd:\Greatbone\cont\app.css'.
   at System.IO.Win32FileStream..ctor(String path, FileMode mode, FileAccess access, FileShare share, Int32 bufferSize, FileOptions options, FileStream parent)
   at System.IO.Win32FileSystem.Open(String fullPath, FileMode mode, FileAccess access, FileShare share, Int32 bufferSize, FileOptions options, FileStream parent)
   at System.IO.FileStream.Init(String path, FileMode mode, FileAccess access, FileShare share, Int32 bufferSize, FileOptions options)
   at System.IO.File.InternalReadAllBytes(String path)
   at System.IO.File.ReadAllBytes(String path)
   at Greatbone.Core.WebControl.DoStatic(String file, String ext, WebContext wc) in d:\Greatbone\Core\WebControl.cs:line 155
   at Greatbone.Core.WebControl.Do(String rsc, WebContext wc) in d:\Greatbone\Core\WebControl.cs:line 101
   at Greatbone.Core.WebService.Handle(String relative, WebContext wc) in d:\Greatbone\Core\WebService.cs:line 269
   at Greatbone.Core.WebService.<ProcessRequestAsync>d__21.MoveNext() in d:\Greatbone\Core\WebService.cs:line 189
ERR: Could not find file 'd:\Greatbone\cont\app.css'.
   at System.IO.Win32FileStream..ctor(String path, FileMode mode, FileAccess access, FileShare share, Int32 bufferSize, FileOptions options, FileStream parent)
   at System.IO.Win32FileSystem.Open(String fullPath, FileMode mode, FileAccess access, FileShare share, Int32 bufferSize, FileOptions options, FileStream parent)
   at System.IO.FileStream.Init(String path, FileMode mode, FileAccess access, FileShare share, Int32 bufferSize, FileOptions options)
   at System.IO.File.InternalReadAllBytes(String path)
   at System.IO.File.ReadAllBytes(String path)
   at Greatbone.Core.WebControl.DoStatic(String file, String ext, WebContext wc) in d:\Greatbone\Core\WebControl.cs:line 155
   at Greatbone.Core.WebControl.Do(String rsc, WebContext wc) in d:\Greatbone\Core\WebControl.cs:line 101
   at Greatbone.Core.WebService.Handle(String relative, WebContext wc) in d:\Greatbone\Core\WebService.cs:line 269
   at Greatbone.Core.WebService.<ProcessRequestAsync>d__21.MoveNext() in d:\Greatbone\Core\WebService.cs:line 189
ERR: Could not find file 'd:\Greatbone\cont\app.css'.
   at System.IO.Win32FileStream..ctor(String path, FileMode mode, FileAccess access, FileShare share, Int32 bufferSize, FileOptions options, FileStream parent)
   at System.IO.Win32FileSystem.Open(String fullPath, FileMode mode, FileAccess access, FileShare share, Int32 bufferSize, FileOptions options, FileStream parent)
   at System.IO.FileStream.Init(String path, FileMode mode, FileAccess access, FileShare share, Int32 bufferSize, FileOptions options)
   at System.IO.File.InternalReadAllBytes(String path)
   at System.IO.File.ReadAllBytes(String path)
   at Greatbone.Core.WebControl.DoStatic(String file, String ext, WebContext wc) in d:\Greatbone\Core\WebControl.cs:line 155
   at Greatbone.Core.WebControl.Do(String rsc, WebContext wc) in d:\Greatbone\Core\WebControl.cs:line 101
   at Greatbone.Core.WebService.Handle(String relative, WebContext wc) in d:\Greatbone\Core\WebService.cs:line 269
   at Greatbone.Core.WebService.<ProcessRequestAsync>d__21.MoveNext() in d:\Greatbone\Core\WebService.cs:line 189
ERR: Could not find file 'd:\Greatbone\cont\app.css'.
   at System.IO.Win32FileStream..ctor(String path, FileMode mode, FileAccess access, FileShare share, Int32 bufferSize, FileOptions options, FileStream parent)
   at System.IO.Win32FileSystem.Open(String fullPath, FileMode mode, FileAccess access, FileShare share, Int32 bufferSize, FileOptions options, FileStream parent)
   at System.IO.FileStream.Init(String path, FileMode mode, FileAccess access, FileShare share, Int32 bufferSize, FileOptions options)
   at System.IO.File.InternalReadAllBytes(String path)
   at System.IO.File.ReadAllBytes(String path)
   at Greatbone.Core.WebControl.DoStatic(String file, String ext, WebContext wc) in d:\Greatbone\Core\WebControl.cs:line 155
   at Greatbone.Core.WebControl.Do(String rsc, WebContext wc) in d:\Greatbone\Core\WebControl.cs:line 101
   at Greatbone.Core.WebService.Handle(String relative, WebContext wc) in d:\Greatbone\Core\WebService.cs:line 269
   at Greatbone.Core.WebService.<ProcessRequestAsync>d__21.MoveNext() in d:\Greatbone\Core\WebService.cs:line 189
ERR: Could not find file 'd:\Greatbone\cont\app.css'.
   at System.IO.Win32FileStream..ctor(String path, FileMode mode, FileAccess access, FileShare share, Int32 bufferSize, FileOptions options, FileStream parent)
   at System.IO.Win32FileSystem.Open(String fullPath, FileMode mode, FileAccess access, FileShare share, Int32 bufferSize, FileOptions options, FileStream parent)
   at System.IO.FileStream.Init(String path, FileMode mode, FileAccess access, FileShare share, Int32 bufferSize, FileOptions options)
   at System.IO.File.InternalReadAllBytes(String path)
   at System.IO.File.ReadAllBytes(String path)
   at Greatbone.Core.WebControl.DoStatic(String file, String ext, WebContext wc) in d:\Greatbone\Core\WebControl.cs:line 155
   at Greatbone.Core.WebControl.Do(String rsc, WebContext wc) in d:\Greatbone\Core\WebControl.cs:line 101
   at Greatbone.Core.WebService.Handle(String relative, WebContext wc) in d:\Greatbone\Core\WebService.cs:line 269
   at Greatbone.Core.WebService.<ProcessRequestAsync>d__21.MoveNext() in d:\Greatbone\Core\WebService.cs:line 189
ERR: Could not find file 'd:\Greatbone\cont\app.css'.
   at System.IO.Win32FileStream..ctor(String path, FileMode mode, FileAccess access, FileShare share, Int32 bufferSize, FileOptions options, FileStream parent)
   at System.IO.Win32FileSystem.Open(String fullPath, FileMode mode, FileAccess access, FileShare share, Int32 bufferSize, FileOptions options, FileStream parent)
   at System.IO.FileStream.Init(String path, FileMode mode, FileAccess access, FileShare share, Int32 bufferSize, FileOptions options)
   at System.IO.File.InternalReadAllBytes(String path)
   at System.IO.File.ReadAllBytes(String path)
   at Greatbone.Core.WebControl.DoStatic(String file, String ext, WebContext wc) in d:\Greatbone\Core\WebControl.cs:line 155
   at Greatbone.Core.WebControl.Do(String rsc, WebContext wc) in d:\Greatbone\Core\WebControl.cs:line 101
   at Greatbone.Core.WebService.Handle(String relative, WebContext wc) in d:\Greatbone\Core\WebService.cs:line 269
   at Greatbone.Core.WebService.<ProcessRequestAsync>d__21.MoveNext() in d:\Greatbone\Core\WebService.cs:line 189
ERR: Could not find file 'd:\Greatbone\cont\app.css'.
   at System.IO.Win32FileStream..ctor(String path, FileMode mode, FileAccess access, FileShare share, Int32 bufferSize, FileOptions options, FileStream parent)
   at System.IO.Win32FileSystem.Open(String fullPath, FileMode mode, FileAccess access, FileShare share, Int32 bufferSize, FileOptions options, FileStream parent)
   at System.IO.FileStream.Init(String path, FileMode mode, FileAccess access, FileShare share, Int32 bufferSize, FileOptions options)
   at System.IO.File.InternalReadAllBytes(String path)
   at System.IO.File.ReadAllBytes(String path)
   at Greatbone.Core.WebControl.DoStatic(String file, String ext, WebContext wc) in d:\Greatbone\Core\WebControl.cs:line 155
   at Greatbone.Core.WebControl.Do(String rsc, WebContext wc) in d:\Greatbone\Core\WebControl.cs:line 101
   at Greatbone.Core.WebService.Handle(String relative, WebContext wc) in d:\Greatbone\Core\WebService.cs:line 269
   at Greatbone.Core.WebService.<ProcessRequestAsync>d__21.MoveNext() in d:\Greatbone\Core\WebService.cs:line 189
ERR: Could not find file 'd:\Greatbone\cont\app.css'.
   at System.IO.Win32FileStream..ctor(String path, FileMode mode, FileAccess access, FileShare share, Int32 bufferSize, FileOptions options, FileStream parent)
   at System.IO.Win32FileSystem.Open(String fullPath, FileMode mode, FileAccess access, FileShare share, Int32 bufferSize, FileOptions options, FileStream parent)
   at System.IO.FileStream.Init(String path, FileMode mode, FileAccess access, FileShare share, Int32 bufferSize, FileOptions options)
   at System.IO.File.InternalReadAllBytes(String path)
   at System.IO.File.ReadAllBytes(String path)
   at Greatbone.Core.WebControl.DoStatic(String file, String ext, WebContext wc) in d:\Greatbone\Core\WebControl.cs:line 155
   at Greatbone.Core.WebControl.Do(String rsc, WebContext wc) in d:\Greatbone\Core\WebControl.cs:line 101
   at Greatbone.Core.WebService.Handle(String relative, WebContext wc) in d:\Greatbone\Core\WebService.cs:line 269
   at Greatbone.Core.WebService.<ProcessRequestAsync>d__21.MoveNext() in d:\Greatbone\Core\WebService.cs:line 189
ERR: Could not find file 'd:\Greatbone\cont\app.css'.
   at System.IO.Win32FileStream..ctor(String path, FileMode mode, FileAccess access, FileShare share, Int32 bufferSize, FileOptions options, FileStream parent)
   at System.IO.Win32FileSystem.Open(String fullPath, FileMode mode, FileAccess access, FileShare share, Int32 bufferSize, FileOptions options, FileStream parent)
   at System.IO.FileStream.Init(String path, FileMode mode, FileAccess access, FileShare share, Int32 bufferSize, FileOptions options)
   at System.IO.File.InternalReadAllBytes(String path)
   at System.IO.File.ReadAllBytes(String path)
   at Greatbone.Core.WebControl.DoStatic(String file, String ext, WebContext wc) in d:\Greatbone\Core\WebControl.cs:line 155
   at Greatbone.Core.WebControl.Do(String rsc, WebContext wc) in d:\Greatbone\Core\WebControl.cs:line 101
   at Greatbone.Core.WebService.Handle(String relative, WebContext wc) in d:\Greatbone\Core\WebService.cs:line 269
   at Greatbone.Core.WebService.<ProcessRequestAsync>d__21.MoveNext() in d:\Greatbone\Core\WebService.cs:line 189
ERR: Could not find file 'd:\Greatbone\cont\app.css'.
   at System.IO.Win32FileStream..ctor(String path, FileMode mode, FileAccess access, FileShare share, Int32 bufferSize, FileOptions options, FileStream parent)
   at System.IO.Win32FileSystem.Open(String fullPath, FileMode mode, FileAccess access, FileShare share, Int32 bufferSize, FileOptions options, FileStream parent)
   at System.IO.FileStream.Init(String path, FileMode mode, FileAccess access, FileShare share, Int32 bufferSize, FileOptions options)
   at System.IO.File.InternalReadAllBytes(String path)
   at System.IO.File.ReadAllBytes(String path)
   at Greatbone.Core.WebControl.DoStatic(String file, String ext, WebContext wc) in d:\Greatbone\Core\WebControl.cs:line 155
   at Greatbone.Core.WebControl.Do(String rsc, WebContext wc) in d:\Greatbone\Core\WebControl.cs:line 101
   at Greatbone.Core.WebService.Handle(String relative, WebContext wc) in d:\Greatbone\Core\WebService.cs:line 269
   at Greatbone.Core.WebService.<ProcessRequestAsync>d__21.MoveNext() in d:\Greatbone\Core\WebService.cs:line 189
ERR: Could not find file 'd:\Greatbone\cont\app.css'.
   at System.IO.Win32FileStream..ctor(String path, FileMode mode, FileAccess access, FileShare share, Int32 bufferSize, FileOptions options, FileStream parent)
   at System.IO.Win32FileSystem.Open(String fullPath, FileMode mode, FileAccess access, FileShare share, Int32 bufferSize, FileOptions options, FileStream parent)
   at System.IO.FileStream.Init(String path, FileMode mode, FileAccess access, FileShare share, Int32 bufferSize, FileOptions options)
   at System.IO.File.InternalReadAllBytes(String path)
   at System.IO.File.ReadAllBytes(String path)
   at Greatbone.Core.WebControl.DoStatic(String file, String ext, WebContext wc) in d:\Greatbone\Core\WebControl.cs:line 155
   at Greatbone.Core.WebControl.Do(String rsc, WebContext wc) in d:\Greatbone\Core\WebControl.cs:line 101
   at Greatbone.Core.WebService.Handle(String relative, WebContext wc) in d:\Greatbone\Core\WebService.cs:line 269
   at Greatbone.Core.WebService.<ProcessRequestAsync>d__21.MoveNext() in d:\Greatbone\Core\WebService.cs:line 189
ERR: Could not find file 'd:\Greatbone\cont\app.css'.
   at System.IO.Win32FileStream..ctor(String path, FileMode mode, FileAccess access, FileShare share, Int32 bufferSize, FileOptions options, FileStream parent)
   at System.IO.Win32FileSystem.Open(String fullPath, FileMode mode, FileAccess access, FileShare share, Int32 bufferSize, FileOptions options, FileStream parent)
   at System.IO.FileStream.Init(String path, FileMode mode, FileAccess access, FileShare share, Int32 bufferSize, FileOptions options)
   at System.IO.File.InternalReadAllBytes(String path)
   at System.IO.File.ReadAllBytes(String path)
   at Greatbone.Core.WebControl.DoStatic(String file, String ext, WebContext wc) in d:\Greatbone\Core\WebControl.cs:line 155
   at Greatbone.Core.WebControl.Do(String rsc, WebContext wc) in d:\Greatbone\Core\WebControl.cs:line 101
   at Greatbone.Core.WebService.Handle(String relative, WebContext wc) in d:\Greatbone\Core\WebService.cs:line 269
   at Greatbone.Core.WebService.<ProcessRequestAsync>d__21.MoveNext() in d:\Greatbone\Core\WebService.cs:line 189
ERR: Could not find file 'd:\Greatbone\cont\app.css'.
   at System.IO.Win32FileStream..ctor(String path, FileMode mode, FileAccess access, FileShare share, Int32 bufferSize, FileOptions options, FileStream parent)
   at System.IO.Win32FileSystem.Open(String fullPath, FileMode mode, FileAccess access, FileShare share, Int32 bufferSize, FileOptions options, FileStream parent)
   at System.IO.FileStream.Init(String path, FileMode mode, FileAccess access, FileShare share, Int32 bufferSize, FileOptions options)
   at System.IO.File.InternalReadAllBytes(String path)
   at System.IO.File.ReadAllBytes(String path)
   at Greatbone.Core.WebControl.DoStatic(String file, String ext, WebContext wc) in d:\Greatbone\Core\WebControl.cs:line 155
   at Greatbone.Core.WebControl.Do(String rsc, WebContext wc) in d:\Greatbone\Core\WebControl.cs:line 101
   at Greatbone.Core.WebService.Handle(String relative, WebContext wc) in d:\Greatbone\Core\WebService.cs:line 269
   at Greatbone.Core.WebService.<ProcessRequestAsync>d__21.MoveNext() in d:\Greatbone\Core\WebService.cs:line 189
ERR: Could not find file 'd:\Greatbone\cont\app.css'.
   at System.IO.Win32FileStream..ctor(String path, FileMode mode, FileAccess access, FileShare share, Int32 bufferSize, FileOptions options, FileStream parent)
   at System.IO.Win32FileSystem.Open(String fullPath, FileMode mode, FileAccess access, FileShare share, Int32 bufferSize, FileOptions options, FileStream parent)
   at System.IO.FileStream.Init(String path, FileMode mode, FileAccess access, FileShare share, Int32 bufferSize, FileOptions options)
   at System.IO.File.InternalReadAllBytes(String path)
   at System.IO.File.ReadAllBytes(String path)
   at Greatbone.Core.WebControl.DoStatic(String file, String ext, WebContext wc) in d:\Greatbone\Core\WebControl.cs:line 155
   at Greatbone.Core.WebControl.Do(String rsc, WebContext wc) in d:\Greatbone\Core\WebControl.cs:line 101
   at Greatbone.Core.WebService.Handle(String relative, WebContext wc) in d:\Greatbone\Core\WebService.cs:line 269
   at Greatbone.Core.WebService.<ProcessRequestAsync>d__21.MoveNext() in d:\Greatbone\Core\WebService.cs:line 189
ERR: Could not find file 'd:\Greatbone\cont\app.css'.
   at System.IO.Win32FileStream..ctor(String path, FileMode mode, FileAccess access, FileShare share, Int32 bufferSize, FileOptions options, FileStream parent)
   at System.IO.Win32FileSystem.Open(String fullPath, FileMode mode, FileAccess access, FileShare share, Int32 bufferSize, FileOptions options, FileStream parent)
   at System.IO.FileStream.Init(String path, FileMode mode, FileAccess access, FileShare share, Int32 bufferSize, FileOptions options)
   at System.IO.File.InternalReadAllBytes(String path)
   at System.IO.File.ReadAllBytes(String path)
   at Greatbone.Core.WebControl.DoStatic(String file, String ext, WebContext wc) in d:\Greatbone\Core\WebControl.cs:line 155
   at Greatbone.Core.WebControl.Do(String rsc, WebContext wc) in d:\Greatbone\Core\WebControl.cs:line 101
   at Greatbone.Core.WebService.Handle(String relative, WebContext wc) in d:\Greatbone\Core\WebService.cs:line 269
   at Greatbone.Core.WebService.<ProcessRequestAsync>d__21.MoveNext() in d:\Greatbone\Core\WebService.cs:line 189
ERR: Could not find file 'd:\Greatbone\cont\app.css'.
   at System.IO.Win32FileStream..ctor(String path, FileMode mode, FileAccess access, FileShare share, Int32 bufferSize, FileOptions options, FileStream parent)
   at System.IO.Win32FileSystem.Open(String fullPath, FileMode mode, FileAccess access, FileShare share, Int32 bufferSize, FileOptions options, FileStream parent)
   at System.IO.FileStream.Init(String path, FileMode mode, FileAccess access, FileShare share, Int32 bufferSize, FileOptions options)
   at System.IO.File.InternalReadAllBytes(String path)
   at System.IO.File.ReadAllBytes(String path)
   at Greatbone.Core.WebControl.DoStatic(String file, String ext, WebContext wc) in d:\Greatbone\Core\WebControl.cs:line 155
   at Greatbone.Core.WebControl.Do(String rsc, WebContext wc) in d:\Greatbone\Core\WebControl.cs:line 101
   at Greatbone.Core.WebService.Handle(String relative, WebContext wc) in d:\Greatbone\Core\WebService.cs:line 269
   at Greatbone.Core.WebService.<ProcessRequestAsync>d__21.MoveNext() in d:\Greatbone\Core\WebService.cs:line 189
ERR: Could not find file 'd:\Greatbone\cont\app.css'.
   at System.IO.Win32FileStream..ctor(String path, FileMode mode, FileAccess access, FileShare share, Int32 bufferSize, FileOptions options, FileStream parent)
   at System.IO.Win32FileSystem.Open(String fullPath, FileMode mode, FileAccess access, FileShare share, Int32 bufferSize, FileOptions options, FileStream parent)
   at System.IO.FileStream.Init(String path, FileMode mode, FileAccess access, FileShare share, Int32 bufferSize, FileOptions options)
   at System.IO.File.InternalReadAllBytes(String path)
   at System.IO.File.ReadAllBytes(String path)
   at Greatbone.Core.WebControl.DoStatic(String file, String ext, WebContext wc) in d:\Greatbone\Core\WebControl.cs:line 155
   at Greatbone.Core.WebControl.Do(String rsc, WebContext wc) in d:\Greatbone\Core\WebControl.cs:line 101
   at Greatbone.Core.WebService.Handle(String relative, WebContext wc) in d:\Greatbone\Core\WebService.cs:line 269
   at Greatbone.Core.WebService.<ProcessRequestAsync>d__21.MoveNext() in d:\Greatbone\Core\WebService.cs:line 189
ERR: Could not find file 'd:\Greatbone\cont\app.css'.
   at System.IO.Win32FileStream..ctor(String path, FileMode mode, FileAccess access, FileShare share, Int32 bufferSize, FileOptions options, FileStream parent)
   at System.IO.Win32FileSystem.Open(String fullPath, FileMode mode, FileAccess access, FileShare share, Int32 bufferSize, FileOptions options, FileStream parent)
   at System.IO.FileStream.Init(String path, FileMode mode, FileAccess access, FileShare share, Int32 bufferSize, FileOptions options)
   at System.IO.File.InternalReadAllBytes(String path)
   at System.IO.File.ReadAllBytes(String path)
   at Greatbone.Core.WebControl.DoStatic(String file, String ext, WebContext wc) in d:\Greatbone\Core\WebControl.cs:line 155
   at Greatbone.Core.WebControl.Do(String rsc, WebContext wc) in d:\Greatbone\Core\WebControl.cs:line 101
   at Greatbone.Core.WebService.Handle(String relative, WebContext wc) in d:\Greatbone\Core\WebService.cs:line 269
   at Greatbone.Core.WebService.<ProcessRequestAsync>d__21.MoveNext() in d:\Greatbone\Core\WebService.cs:line 189
ERR: Could not find file 'd:\Greatbone\cont\app.css'.
   at System.IO.Win32FileStream..ctor(String path, FileMode mode, FileAccess access, FileShare share, Int32 bufferSize, FileOptions options, FileStream parent)
   at System.IO.Win32FileSystem.Open(String fullPath, FileMode mode, FileAccess access, FileShare share, Int32 bufferSize, FileOptions options, FileStream parent)
   at System.IO.FileStream.Init(String path, FileMode mode, FileAccess access, FileShare share, Int32 bufferSize, FileOptions options)
   at System.IO.File.InternalReadAllBytes(String path)
   at System.IO.File.ReadAllBytes(String path)
   at Greatbone.Core.WebControl.DoStatic(String file, String ext, WebContext wc) in d:\Greatbone\Core\WebControl.cs:line 155
   at Greatbone.Core.WebControl.Do(String rsc, WebContext wc) in d:\Greatbone\Core\WebControl.cs:line 101
   at Greatbone.Core.WebService.Handle(String relative, WebContext wc) in d:\Greatbone\Core\WebService.cs:line 269
   at Greatbone.Core.WebService.<ProcessRequestAsync>d__21.MoveNext() in d:\Greatbone\Core\WebService.cs:line 189
ERR: Could not find file 'd:\Greatbone\cont\app.css'.
   at System.IO.Win32FileStream..ctor(String path, FileMode mode, FileAccess access, FileShare share, Int32 bufferSize, FileOptions options, FileStream parent)
   at System.IO.Win32FileSystem.Open(String fullPath, FileMode mode, FileAccess access, FileShare share, Int32 bufferSize, FileOptions options, FileStream parent)
   at System.IO.FileStream.Init(String path, FileMode mode, FileAccess access, FileShare share, Int32 bufferSize, FileOptions options)
   at System.IO.File.InternalReadAllBytes(String path)
   at System.IO.File.ReadAllBytes(String path)
   at Greatbone.Core.WebControl.DoStatic(String file, String ext, WebContext wc) in d:\Greatbone\Core\WebControl.cs:line 155
   at Greatbone.Core.WebControl.Do(String rsc, WebContext wc) in d:\Greatbone\Core\WebControl.cs:line 101
   at Greatbone.Core.WebService.Handle(String relative, WebContext wc) in d:\Greatbone\Core\WebService.cs:line 269
   at Greatbone.Core.WebService.<ProcessRequestAsync>d__21.MoveNext() in d:\Greatbone\Core\WebService.cs:line 189
ERR: Could not find file 'd:\Greatbone\cont\app.css'.
   at System.IO.Win32FileStream..ctor(String path, FileMode mode, FileAccess access, FileShare share, Int32 bufferSize, FileOptions options, FileStream parent)
   at System.IO.Win32FileSystem.Open(String fullPath, FileMode mode, FileAccess access, FileShare share, Int32 bufferSize, FileOptions options, FileStream parent)
   at System.IO.FileStream.Init(String path, FileMode mode, FileAccess access, FileShare share, Int32 bufferSize, FileOptions options)
   at System.IO.File.InternalReadAllBytes(String path)
   at System.IO.File.ReadAllBytes(String path)
   at Greatbone.Core.WebControl.DoStatic(String file, String ext, WebContext wc) in d:\Greatbone\Core\WebControl.cs:line 155
   at Greatbone.Core.WebControl.Do(String rsc, WebContext wc) in d:\Greatbone\Core\WebControl.cs:line 101
   at Greatbone.Core.WebService.Handle(String relative, WebContext wc) in d:\Greatbone\Core\WebService.cs:line 269
   at Greatbone.Core.WebService.<ProcessRequestAsync>d__21.MoveNext() in d:\Greatbone\Core\WebService.cs:line 189
ERR: Could not find file 'd:\Greatbone\cont\app.css'.
   at System.IO.Win32FileStream..ctor(String path, FileMode mode, FileAccess access, FileShare share, Int32 bufferSize, FileOptions options, FileStream parent)
   at System.IO.Win32FileSystem.Open(String fullPath, FileMode mode, FileAccess access, FileShare share, Int32 bufferSize, FileOptions options, FileStream parent)
   at System.IO.FileStream.Init(String path, FileMode mode, FileAccess access, FileShare share, Int32 bufferSize, FileOptions options)
   at System.IO.File.InternalReadAllBytes(String path)
   at System.IO.File.ReadAllBytes(String path)
   at Greatbone.Core.WebControl.DoStatic(String file, String ext, WebContext wc) in d:\Greatbone\Core\WebControl.cs:line 155
   at Greatbone.Core.WebControl.Do(String rsc, WebContext wc) in d:\Greatbone\Core\WebControl.cs:line 101
   at Greatbone.Core.WebService.Handle(String relative, WebContext wc) in d:\Greatbone\Core\WebService.cs:line 269
   at Greatbone.Core.WebService.<ProcessRequestAsync>d__21.MoveNext() in d:\Greatbone\Core\WebService.cs:line 189
ERR: Could not find file 'd:\Greatbone\cont\app.css'.
   at System.IO.Win32FileStream..ctor(String path, FileMode mode, FileAccess access, FileShare share, Int32 bufferSize, FileOptions options, FileStream parent)
   at System.IO.Win32FileSystem.Open(String fullPath, FileMode mode, FileAccess access, FileShare share, Int32 bufferSize, FileOptions options, FileStream parent)
   at System.IO.FileStream.Init(String path, FileMode mode, FileAccess access, FileShare share, Int32 bufferSize, FileOptions options)
   at System.IO.File.InternalReadAllBytes(String path)
   at System.IO.File.ReadAllBytes(String path)
   at Greatbone.Core.WebControl.DoStatic(String file, String ext, WebContext wc) in d:\Greatbone\Core\WebControl.cs:line 155
   at Greatbone.Core.WebControl.Do(String rsc, WebContext wc) in d:\Greatbone\Core\WebControl.cs:line 101
   at Greatbone.Core.WebService.Handle(String relative, WebContext wc) in d:\Greatbone\Core\WebService.cs:line 269
   at Greatbone.Core.WebService.<ProcessRequestAsync>d__21.MoveNext() in d:\Greatbone\Core\WebService.cs:line 189
ERR: Could not find file 'd:\Greatbone\cont\app.css'.
   at System.IO.Win32FileStream..ctor(String path, FileMode mode, FileAccess access, FileShare share, Int32 bufferSize, FileOptions options, FileStream parent)
   at System.IO.Win32FileSystem.Open(String fullPath, FileMode mode, FileAccess access, FileShare share, Int32 bufferSize, FileOptions options, FileStream parent)
   at System.IO.FileStream.Init(String path, FileMode mode, FileAccess access, FileShare share, Int32 bufferSize, FileOptions options)
   at System.IO.File.InternalReadAllBytes(String path)
   at System.IO.File.ReadAllBytes(String path)
   at Greatbone.Core.WebControl.DoStatic(String file, String ext, WebContext wc) in d:\Greatbone\Core\WebControl.cs:line 155
   at Greatbone.Core.WebControl.Do(String rsc, WebContext wc) in d:\Greatbone\Core\WebControl.cs:line 101
   at Greatbone.Core.WebService.Handle(String relative, WebContext wc) in d:\Greatbone\Core\WebService.cs:line 269
   at Greatbone.Core.WebService.<ProcessRequestAsync>d__21.MoveNext() in d:\Greatbone\Core\WebService.cs:line 189
ERR: Could not find file 'd:\Greatbone\cont\app.css'.
   at System.IO.Win32FileStream..ctor(String path, FileMode mode, FileAccess access, FileShare share, Int32 bufferSize, FileOptions options, FileStream parent)
   at System.IO.Win32FileSystem.Open(String fullPath, FileMode mode, FileAccess access, FileShare share, Int32 bufferSize, FileOptions options, FileStream parent)
   at System.IO.FileStream.Init(String path, FileMode mode, FileAccess access, FileShare share, Int32 bufferSize, FileOptions options)
   at System.IO.File.InternalReadAllBytes(String path)
   at System.IO.File.ReadAllBytes(String path)
   at Greatbone.Core.WebControl.DoStatic(String file, String ext, WebContext wc) in d:\Greatbone\Core\WebControl.cs:line 155
   at Greatbone.Core.WebControl.Do(String rsc, WebContext wc) in d:\Greatbone\Core\WebControl.cs:line 101
   at Greatbone.Core.WebService.Handle(String relative, WebContext wc) in d:\Greatbone\Core\WebService.cs:line 269
   at Greatbone.Core.WebService.<ProcessRequestAsync>d__21.MoveNext() in d:\Greatbone\Core\WebService.cs:line 189
ERR: Could not find file 'd:\Greatbone\cont\app.css'.
   at System.IO.Win32FileStream..ctor(String path, FileMode mode, FileAccess access, FileShare share, Int32 bufferSize, FileOptions options, FileStream parent)
   at System.IO.Win32FileSystem.Open(String fullPath, FileMode mode, FileAccess access, FileShare share, Int32 bufferSize, FileOptions options, FileStream parent)
   at System.IO.FileStream.Init(String path, FileMode mode, FileAccess access, FileShare share, Int32 bufferSize, FileOptions options)
   at System.IO.File.InternalReadAllBytes(String path)
   at System.IO.File.ReadAllBytes(String path)
   at Greatbone.Core.WebControl.DoStatic(String file, String ext, WebContext wc) in d:\Greatbone\Core\WebControl.cs:line 155
   at Greatbone.Core.WebControl.Do(String rsc, WebContext wc) in d:\Greatbone\Core\WebControl.cs:line 101
   at Greatbone.Core.WebService.Handle(String relative, WebContext wc) in d:\Greatbone\Core\WebService.cs:line 269
   at Greatbone.Core.WebService.<ProcessRequestAsync>d__21.MoveNext() in d:\Greatbone\Core\WebService.cs:line 189
ERR: Could not find file 'd:\Greatbone\cont\app.css'.
   at System.IO.Win32FileStream..ctor(String path, FileMode mode, FileAccess access, FileShare share, Int32 bufferSize, FileOptions options, FileStream parent)
   at System.IO.Win32FileSystem.Open(String fullPath, FileMode mode, FileAccess access, FileShare share, Int32 bufferSize, FileOptions options, FileStream parent)
   at System.IO.FileStream.Init(String path, FileMode mode, FileAccess access, FileShare share, Int32 bufferSize, FileOptions options)
   at System.IO.File.InternalReadAllBytes(String path)
   at System.IO.File.ReadAllBytes(String path)
   at Greatbone.Core.WebControl.DoStatic(String file, String ext, WebContext wc) in d:\Greatbone\Core\WebControl.cs:line 155
   at Greatbone.Core.WebControl.Do(String rsc, WebContext wc) in d:\Greatbone\Core\WebControl.cs:line 101
   at Greatbone.Core.WebService.Handle(String relative, WebContext wc) in d:\Greatbone\Core\WebService.cs:line 269
   at Greatbone.Core.WebService.<ProcessRequestAsync>d__21.MoveNext() in d:\Greatbone\Core\WebService.cs:line 189
ERR: Could not find file 'd:\Greatbone\cont\app.css'.
   at System.IO.Win32FileStream..ctor(String path, FileMode mode, FileAccess access, FileShare share, Int32 bufferSize, FileOptions options, FileStream parent)
   at System.IO.Win32FileSystem.Open(String fullPath, FileMode mode, FileAccess access, FileShare share, Int32 bufferSize, FileOptions options, FileStream parent)
   at System.IO.FileStream.Init(String path, FileMode mode, FileAccess access, FileShare share, Int32 bufferSize, FileOptions options)
   at System.IO.File.InternalReadAllBytes(String path)
   at System.IO.File.ReadAllBytes(String path)
   at Greatbone.Core.WebControl.DoStatic(String file, String ext, WebContext wc) in d:\Greatbone\Core\WebControl.cs:line 155
   at Greatbone.Core.WebControl.Do(String rsc, WebContext wc) in d:\Greatbone\Core\WebControl.cs:line 101
   at Greatbone.Core.WebService.Handle(String relative, WebContext wc) in d:\Greatbone\Core\WebService.cs:line 269
   at Greatbone.Core.WebService.<ProcessRequestAsync>d__21.MoveNext() in d:\Greatbone\Core\WebService.cs:line 189
ERR: Could not find file 'd:\Greatbone\cont\app.css'.
   at System.IO.Win32FileStream..ctor(String path, FileMode mode, FileAccess access, FileShare share, Int32 bufferSize, FileOptions options, FileStream parent)
   at System.IO.Win32FileSystem.Open(String fullPath, FileMode mode, FileAccess access, FileShare share, Int32 bufferSize, FileOptions options, FileStream parent)
   at System.IO.FileStream.Init(String path, FileMode mode, FileAccess access, FileShare share, Int32 bufferSize, FileOptions options)
   at System.IO.File.InternalReadAllBytes(String path)
   at System.IO.File.ReadAllBytes(String path)
   at Greatbone.Core.WebControl.DoStatic(String file, String ext, WebContext wc) in d:\Greatbone\Core\WebControl.cs:line 155
   at Greatbone.Core.WebControl.Do(String rsc, WebContext wc) in d:\Greatbone\Core\WebControl.cs:line 101
   at Greatbone.Core.WebService.Handle(String relative, WebContext wc) in d:\Greatbone\Core\WebService.cs:line 269
   at Greatbone.Core.WebService.<ProcessRequestAsync>d__21.MoveNext() in d:\Greatbone\Core\WebService.cs:line 189
ERR: Could not find file 'd:\Greatbone\cont\app.css'.
   at System.IO.Win32FileStream..ctor(String path, FileMode mode, FileAccess access, FileShare share, Int32 bufferSize, FileOptions options, FileStream parent)
   at System.IO.Win32FileSystem.Open(String fullPath, FileMode mode, FileAccess access, FileShare share, Int32 bufferSize, FileOptions options, FileStream parent)
   at System.IO.FileStream.Init(String path, FileMode mode, FileAccess access, FileShare share, Int32 bufferSize, FileOptions options)
   at System.IO.File.InternalReadAllBytes(String path)
   at System.IO.File.ReadAllBytes(String path)
   at Greatbone.Core.WebControl.DoStatic(String file, String ext, WebContext wc) in d:\Greatbone\Core\WebControl.cs:line 155
   at Greatbone.Core.WebControl.Do(String rsc, WebContext wc) in d:\Greatbone\Core\WebControl.cs:line 101
   at Greatbone.Core.WebService.Handle(String relative, WebContext wc) in d:\Greatbone\Core\WebService.cs:line 269
   at Greatbone.Core.WebService.<ProcessRequestAsync>d__21.MoveNext() in d:\Greatbone\Core\WebService.cs:line 189
ERR: Could not find file 'd:\Greatbone\cont\app.css'.
   at System.IO.Win32FileStream..ctor(String path, FileMode mode, FileAccess access, FileShare share, Int32 bufferSize, FileOptions options, FileStream parent)
   at System.IO.Win32FileSystem.Open(String fullPath, FileMode mode, FileAccess access, FileShare share, Int32 bufferSize, FileOptions options, FileStream parent)
   at System.IO.FileStream.Init(String path, FileMode mode, FileAccess access, FileShare share, Int32 bufferSize, FileOptions options)
   at System.IO.File.InternalReadAllBytes(String path)
   at System.IO.File.ReadAllBytes(String path)
   at Greatbone.Core.WebControl.DoStatic(String file, String ext, WebContext wc) in d:\Greatbone\Core\WebControl.cs:line 155
   at Greatbone.Core.WebControl.Do(String rsc, WebContext wc) in d:\Greatbone\Core\WebControl.cs:line 101
   at Greatbone.Core.WebService.Handle(String relative, WebContext wc) in d:\Greatbone\Core\WebService.cs:line 269
   at Greatbone.Core.WebService.<ProcessRequestAsync>d__21.MoveNext() in d:\Greatbone\Core\WebService.cs:line 189
ERR: Could not find file 'd:\Greatbone\cont\app.css'.
   at System.IO.Win32FileStream..ctor(String path, FileMode mode, FileAccess access, FileShare share, Int32 bufferSize, FileOptions options, FileStream parent)
   at System.IO.Win32FileSystem.Open(String fullPath, FileMode mode, FileAccess access, FileShare share, Int32 bufferSize, FileOptions options, FileStream parent)
   at System.IO.FileStream.Init(String path, FileMode mode, FileAccess access, FileShare share, Int32 bufferSize, FileOptions options)
   at System.IO.File.InternalReadAllBytes(String path)
   at System.IO.File.ReadAllBytes(String path)
   at Greatbone.Core.WebControl.DoStatic(String file, String ext, WebContext wc) in d:\Greatbone\Core\WebControl.cs:line 155
   at Greatbone.Core.WebControl.Do(String rsc, WebContext wc) in d:\Greatbone\Core\WebControl.cs:line 101
   at Greatbone.Core.WebService.Handle(String relative, WebContext wc) in d:\Greatbone\Core\WebService.cs:line 269
   at Greatbone.Core.WebService.<ProcessRequestAsync>d__21.MoveNext() in d:\Greatbone\Core\WebService.cs:line 189
ERR: Could not find file 'd:\Greatbone\cont\app.css'.
   at System.IO.Win32FileStream..ctor(String path, FileMode mode, FileAccess access, FileShare share, Int32 bufferSize, FileOptions options, FileStream parent)
   at System.IO.Win32FileSystem.Open(String fullPath, FileMode mode, FileAccess access, FileShare share, Int32 bufferSize, FileOptions options, FileStream parent)
   at System.IO.FileStream.Init(String path, FileMode mode, FileAccess access, FileShare share, Int32 bufferSize, FileOptions options)
   at System.IO.File.InternalReadAllBytes(String path)
   at System.IO.File.ReadAllBytes(String path)
   at Greatbone.Core.WebControl.DoStatic(String file, String ext, WebContext wc) in d:\Greatbone\Core\WebControl.cs:line 155
   at Greatbone.Core.WebControl.Do(String rsc, WebContext wc) in d:\Greatbone\Core\WebControl.cs:line 101
   at Greatbone.Core.WebService.Handle(String relative, WebContext wc) in d:\Greatbone\Core\WebService.cs:line 269
   at Greatbone.Core.WebService.<ProcessRequestAsync>d__21.MoveNext() in d:\Greatbone\Core\WebService.cs:line 189
ERR: Could not find file 'd:\Greatbone\cont\app.css'.
   at System.IO.Win32FileStream..ctor(String path, FileMode mode, FileAccess access, FileShare share, Int32 bufferSize, FileOptions options, FileStream parent)
   at System.IO.Win32FileSystem.Open(String fullPath, FileMode mode, FileAccess access, FileShare share, Int32 bufferSize, FileOptions options, FileStream parent)
   at System.IO.FileStream.Init(String path, FileMode mode, FileAccess access, FileShare share, Int32 bufferSize, FileOptions options)
   at System.IO.File.InternalReadAllBytes(String path)
   at System.IO.File.ReadAllBytes(String path)
   at Greatbone.Core.WebControl.DoStatic(String file, String ext, WebContext wc) in d:\Greatbone\Core\WebControl.cs:line 155
   at Greatbone.Core.WebControl.Do(String rsc, WebContext wc) in d:\Greatbone\Core\WebControl.cs:line 101
   at Greatbone.Core.WebService.Handle(String relative, WebContext wc) in d:\Greatbone\Core\WebService.cs:line 269
   at Greatbone.Core.WebService.<ProcessRequestAsync>d__21.MoveNext() in d:\Greatbone\Core\WebService.cs:line 189
ERR: Could not find file 'd:\Greatbone\cont\app.css'.
   at System.IO.Win32FileStream..ctor(String path, FileMode mode, FileAccess access, FileShare share, Int32 bufferSize, FileOptions options, FileStream parent)
   at System.IO.Win32FileSystem.Open(String fullPath, FileMode mode, FileAccess access, FileShare share, Int32 bufferSize, FileOptions options, FileStream parent)
   at System.IO.FileStream.Init(String path, FileMode mode, FileAccess access, FileShare share, Int32 bufferSize, FileOptions options)
   at System.IO.File.InternalReadAllBytes(String path)
   at System.IO.File.ReadAllBytes(String path)
   at Greatbone.Core.WebControl.DoStatic(String file, String ext, WebContext wc) in d:\Greatbone\Core\WebControl.cs:line 155
   at Greatbone.Core.WebControl.Do(String rsc, WebContext wc) in d:\Greatbone\Core\WebControl.cs:line 101
   at Greatbone.Core.WebService.Handle(String relative, WebContext wc) in d:\Greatbone\Core\WebService.cs:line 269
   at Greatbone.Core.WebService.<ProcessRequestAsync>d__21.MoveNext() in d:\Greatbone\Core\WebService.cs:line 189
ERR: Could not find file 'd:\Greatbone\cont\app.css'.
   at System.IO.Win32FileStream..ctor(String path, FileMode mode, FileAccess access, FileShare share, Int32 bufferSize, FileOptions options, FileStream parent)
   at System.IO.Win32FileSystem.Open(String fullPath, FileMode mode, FileAccess access, FileShare share, Int32 bufferSize, FileOptions options, FileStream parent)
   at System.IO.FileStream.Init(String path, FileMode mode, FileAccess access, FileShare share, Int32 bufferSize, FileOptions options)
   at System.IO.File.InternalReadAllBytes(String path)
   at System.IO.File.ReadAllBytes(String path)
   at Greatbone.Core.WebControl.DoStatic(String file, String ext, WebContext wc) in d:\Greatbone\Core\WebControl.cs:line 155
   at Greatbone.Core.WebControl.Do(String rsc, WebContext wc) in d:\Greatbone\Core\WebControl.cs:line 101
   at Greatbone.Core.WebService.Handle(String relative, WebContext wc) in d:\Greatbone\Core\WebService.cs:line 269
   at Greatbone.Core.WebService.<ProcessRequestAsync>d__21.MoveNext() in d:\Greatbone\Core\WebService.cs:line 189
ERR: Could not find file 'd:\Greatbone\cont\app.css'.
   at System.IO.Win32FileStream..ctor(String path, FileMode mode, FileAccess access, FileShare share, Int32 bufferSize, FileOptions options, FileStream parent)
   at System.IO.Win32FileSystem.Open(String fullPath, FileMode mode, FileAccess access, FileShare share, Int32 bufferSize, FileOptions options, FileStream parent)
   at System.IO.FileStream.Init(String path, FileMode mode, FileAccess access, FileShare share, Int32 bufferSize, FileOptions options)
   at System.IO.File.InternalReadAllBytes(String path)
   at System.IO.File.ReadAllBytes(String path)
   at Greatbone.Core.WebControl.DoStatic(String file, String ext, WebContext wc) in d:\Greatbone\Core\WebControl.cs:line 155
   at Greatbone.Core.WebControl.Do(String rsc, WebContext wc) in d:\Greatbone\Core\WebControl.cs:line 101
   at Greatbone.Core.WebService.Handle(String relative, WebContext wc) in d:\Greatbone\Core\WebService.cs:line 269
   at Greatbone.Core.WebService.<ProcessRequestAsync>d__21.MoveNext() in d:\Greatbone\Core\WebService.cs:line 189
ERR: Could not find file 'd:\Greatbone\cont\app.css'.
   at System.IO.Win32FileStream..ctor(String path, FileMode mode, FileAccess access, FileShare share, Int32 bufferSize, FileOptions options, FileStream parent)
   at System.IO.Win32FileSystem.Open(String fullPath, FileMode mode, FileAccess access, FileShare share, Int32 bufferSize, FileOptions options, FileStream parent)
   at System.IO.FileStream.Init(String path, FileMode mode, FileAccess access, FileShare share, Int32 bufferSize, FileOptions options)
   at System.IO.File.InternalReadAllBytes(String path)
   at System.IO.File.ReadAllBytes(String path)
   at Greatbone.Core.WebControl.DoStatic(String file, String ext, WebContext wc) in d:\Greatbone\Core\WebControl.cs:line 155
   at Greatbone.Core.WebControl.Do(String rsc, WebContext wc) in d:\Greatbone\Core\WebControl.cs:line 101
   at Greatbone.Core.WebService.Handle(String relative, WebContext wc) in d:\Greatbone\Core\WebService.cs:line 269
   at Greatbone.Core.WebService.<ProcessRequestAsync>d__21.MoveNext() in d:\Greatbone\Core\WebService.cs:line 189
ERR: Could not find file 'd:\Greatbone\cont\app.css'.
   at System.IO.Win32FileStream..ctor(String path, FileMode mode, FileAccess access, FileShare share, Int32 bufferSize, FileOptions options, FileStream parent)
   at System.IO.Win32FileSystem.Open(String fullPath, FileMode mode, FileAccess access, FileShare share, Int32 bufferSize, FileOptions options, FileStream parent)
   at System.IO.FileStream.Init(String path, FileMode mode, FileAccess access, FileShare share, Int32 bufferSize, FileOptions options)
   at System.IO.File.InternalReadAllBytes(String path)
   at System.IO.File.ReadAllBytes(String path)
   at Greatbone.Core.WebControl.DoStatic(String file, String ext, WebContext wc) in d:\Greatbone\Core\WebControl.cs:line 155
   at Greatbone.Core.WebControl.Do(String rsc, WebContext wc) in d:\Greatbone\Core\WebControl.cs:line 101
   at Greatbone.Core.WebService.Handle(String relative, WebContext wc) in d:\Greatbone\Core\WebService.cs:line 269
   at Greatbone.Core.WebService.<ProcessRequestAsync>d__21.MoveNext() in d:\Greatbone\Core\WebService.cs:line 189
ERR: Could not find file 'd:\Greatbone\cont\app.css'.
   at System.IO.Win32FileStream..ctor(String path, FileMode mode, FileAccess access, FileShare share, Int32 bufferSize, FileOptions options, FileStream parent)
   at System.IO.Win32FileSystem.Open(String fullPath, FileMode mode, FileAccess access, FileShare share, Int32 bufferSize, FileOptions options, FileStream parent)
   at System.IO.FileStream.Init(String path, FileMode mode, FileAccess access, FileShare share, Int32 bufferSize, FileOptions options)
   at System.IO.File.InternalReadAllBytes(String path)
   at System.IO.File.ReadAllBytes(String path)
   at Greatbone.Core.WebControl.DoStatic(String file, String ext, WebContext wc) in d:\Greatbone\Core\WebControl.cs:line 155
   at Greatbone.Core.WebControl.Do(String rsc, WebContext wc) in d:\Greatbone\Core\WebControl.cs:line 101
   at Greatbone.Core.WebService.Handle(String relative, WebContext wc) in d:\Greatbone\Core\WebService.cs:line 269
   at Greatbone.Core.WebService.<ProcessRequestAsync>d__21.MoveNext() in d:\Greatbone\Core\WebService.cs:line 189
ERR: Could not find file 'd:\Greatbone\cont\app.css'.
   at System.IO.Win32FileStream..ctor(String path, FileMode mode, FileAccess access, FileShare share, Int32 bufferSize, FileOptions options, FileStream parent)
   at System.IO.Win32FileSystem.Open(String fullPath, FileMode mode, FileAccess access, FileShare share, Int32 bufferSize, FileOptions options, FileStream parent)
   at System.IO.FileStream.Init(String path, FileMode mode, FileAccess access, FileShare share, Int32 bufferSize, FileOptions options)
   at System.IO.File.InternalReadAllBytes(String path)
   at System.IO.File.ReadAllBytes(String path)
   at Greatbone.Core.WebControl.DoStatic(String file, String ext, WebContext wc) in d:\Greatbone\Core\WebControl.cs:line 155
   at Greatbone.Core.WebControl.Do(String rsc, WebContext wc) in d:\Greatbone\Core\WebControl.cs:line 101
   at Greatbone.Core.WebService.Handle(String relative, WebContext wc) in d:\Greatbone\Core\WebService.cs:line 269
   at Greatbone.Core.WebService.<ProcessRequestAsync>d__21.MoveNext() in d:\Greatbone\Core\WebService.cs:line 189
ERR: Could not find file 'd:\Greatbone\cont\app.css'.
   at System.IO.Win32FileStream..ctor(String path, FileMode mode, FileAccess access, FileShare share, Int32 bufferSize, FileOptions options, FileStream parent)
   at System.IO.Win32FileSystem.Open(String fullPath, FileMode mode, FileAccess access, FileShare share, Int32 bufferSize, FileOptions options, FileStream parent)
   at System.IO.FileStream.Init(String path, FileMode mode, FileAccess access, FileShare share, Int32 bufferSize, FileOptions options)
   at System.IO.File.InternalReadAllBytes(String path)
   at System.IO.File.ReadAllBytes(String path)
   at Greatbone.Core.WebControl.DoStatic(String file, String ext, WebContext wc) in d:\Greatbone\Core\WebControl.cs:line 155
   at Greatbone.Core.WebControl.Do(String rsc, WebContext wc) in d:\Greatbone\Core\WebControl.cs:line 101
   at Greatbone.Core.WebService.Handle(String relative, WebContext wc) in d:\Greatbone\Core\WebService.cs:line 269
   at Greatbone.Core.WebService.<ProcessRequestAsync>d__21.MoveNext() in d:\Greatbone\Core\WebService.cs:line 189
ERR: Could not find file 'd:\Greatbone\cont\app.css'.
   at System.IO.Win32FileStream..ctor(String path, FileMode mode, FileAccess access, FileShare share, Int32 bufferSize, FileOptions options, FileStream parent)
   at System.IO.Win32FileSystem.Open(String fullPath, FileMode mode, FileAccess access, FileShare share, Int32 bufferSize, FileOptions options, FileStream parent)
   at System.IO.FileStream.Init(String path, FileMode mode, FileAccess access, FileShare share, Int32 bufferSize, FileOptions options)
   at System.IO.File.InternalReadAllBytes(String path)
   at System.IO.File.ReadAllBytes(String path)
   at Greatbone.Core.WebControl.DoStatic(String file, String ext, WebContext wc) in d:\Greatbone\Core\WebControl.cs:line 155
   at Greatbone.Core.WebControl.Do(String rsc, WebContext wc) in d:\Greatbone\Core\WebControl.cs:line 101
   at Greatbone.Core.WebService.Handle(String relative, WebContext wc) in d:\Greatbone\Core\WebService.cs:line 269
   at Greatbone.Core.WebService.<ProcessRequestAsync>d__21.MoveNext() in d:\Greatbone\Core\WebService.cs:line 189
ERR: Could not find file 'd:\Greatbone\RES\cont\app.css'.
   at System.IO.Win32FileStream..ctor(String path, FileMode mode, FileAccess access, FileShare share, Int32 bufferSize, FileOptions options, FileStream parent)
   at System.IO.Win32FileSystem.Open(String fullPath, FileMode mode, FileAccess access, FileShare share, Int32 bufferSize, FileOptions options, FileStream parent)
   at System.IO.FileStream.Init(String path, FileMode mode, FileAccess access, FileShare share, Int32 bufferSize, FileOptions options)
   at System.IO.File.InternalReadAllBytes(String path)
   at System.IO.File.ReadAllBytes(String path)
   at Greatbone.Core.WebControl.DoStatic(String file, String ext, WebContext wc) in d:\Greatbone\Core\WebControl.cs:line 155
   at Greatbone.Core.WebControl.Do(String rsc, WebContext wc) in d:\Greatbone\Core\WebControl.cs:line 101
   at Greatbone.Core.WebService.Handle(String relative, WebContext wc) in d:\Greatbone\Core\WebService.cs:line 269
   at Greatbone.Core.WebService.<ProcessRequestAsync>d__21.MoveNext() in d:\Greatbone\Core\WebService.cs:line 189
ERR: Could not find file 'd:\Greatbone\RES\cont\favicon.ico'.
   at System.IO.Win32FileStream..ctor(String path, FileMode mode, FileAccess access, FileShare share, Int32 bufferSize, FileOptions options, FileStream parent)
   at System.IO.Win32FileSystem.Open(String fullPath, FileMode mode, FileAccess access, FileShare share, Int32 bufferSize, FileOptions options, FileStream parent)
   at System.IO.FileStream.Init(String path, FileMode mode, FileAccess access, FileShare share, Int32 bufferSize, FileOptions options)
   at System.IO.File.InternalReadAllBytes(String path)
   at System.IO.File.ReadAllBytes(String path)
   at Greatbone.Core.WebControl.DoStatic(String file, String ext, WebContext wc) in d:\Greatbone\Core\WebControl.cs:line 155
   at Greatbone.Core.WebControl.Do(String rsc, WebContext wc) in d:\Greatbone\Core\WebControl.cs:line 101
   at Greatbone.Core.WebService.Handle(String relative, WebContext wc) in d:\Greatbone\Core\WebService.cs:line 269
   at Greatbone.Core.WebService.<ProcessRequestAsync>d__21.MoveNext() in d:\Greatbone\Core\WebService.cs:line 189
ERR: Could not find file 'd:\Greatbone\RES\cont\app.css'.
   at System.IO.Win32FileStream..ctor(String path, FileMode mode, FileAccess access, FileShare share, Int32 bufferSize, FileOptions options, FileStream parent)
   at System.IO.Win32FileSystem.Open(String fullPath, FileMode mode, FileAccess access, FileShare share, Int32 bufferSize, FileOptions options, FileStream parent)
   at System.IO.FileStream.Init(String path, FileMode mode, FileAccess access, FileShare share, Int32 bufferSize, FileOptions options)
   at System.IO.File.InternalReadAllBytes(String path)
   at System.IO.File.ReadAllBytes(String path)
   at Greatbone.Core.WebControl.DoStatic(String file, String ext, WebContext wc) in d:\Greatbone\Core\WebControl.cs:line 155
   at Greatbone.Core.WebControl.Do(String rsc, WebContext wc) in d:\Greatbone\Core\WebControl.cs:line 101
   at Greatbone.Core.WebService.Handle(String relative, WebContext wc) in d:\Greatbone\Core\WebService.cs:line 269
   at Greatbone.Core.WebService.<ProcessRequestAsync>d__21.MoveNext() in d:\Greatbone\Core\WebService.cs:line 189
